<?xml version="1.0" encoding="UTF-8"?>
<!-- Generated by org.testng.reporters.JUnitReportReporter -->
<testsuite hostname="DESKTOP-Q7863FJ" failures="0" tests="1" name="readInputExcel.demo1" time="0.000" errors="0" timestamp="2022-08-11T11:56:02 IST" skipped="1">
  <testcase classname="readInputExcel.demo1" name="test1" time="0.000">
    <skipped/>
  </testcase> <!-- test1 -->
  <system-out/>
</testsuite> <!-- readInputExcel.demo1 -->
