<?xml version="1.0" encoding="UTF-8"?>
<!-- Generated by org.testng.reporters.JUnitReportReporter -->
<testsuite hostname="DESKTOP-Q7863FJ" failures="0" tests="3" name="listenersPgm.list1" time="0.056" errors="0" timestamp="2022-08-09T14:50:13 IST" skipped="0">
  <testcase classname="listenersPgm.list1" name="test1" time="0.041"/>
  <system-out/>
  <testcase classname="listenersPgm.list1" name="test3" time="0.008"/>
  <system-out/>
  <testcase classname="listenersPgm.list1" name="test2" time="0.007"/>
  <system-out/>
</testsuite> <!-- listenersPgm.list1 -->
