<?xml version="1.0" encoding="UTF-8"?>
<!-- Generated by org.testng.reporters.JUnitReportReporter -->
<testsuite hostname="DESKTOP-Q7863FJ" failures="0" tests="4" name="pageObjectModel.amazonMain" time="18.295" errors="0" timestamp="2022-08-11T11:54:43 IST" skipped="0">
  <testcase classname="pageObjectModel.amazonMain" name="amazonTest1" time="15.832"/>
  <system-out/>
  <testcase classname="pageObjectModel.amazonMain" name="amazonTest2" time="1.985"/>
  <system-out/>
  <testcase classname="pageObjectModel.amazonMain" name="amazonTest3" time="0.335"/>
  <system-out/>
  <testcase classname="pageObjectModel.amazonMain" name="amazonTest4" time="0.143"/>
  <system-out/>
</testsuite> <!-- pageObjectModel.amazonMain -->
